{
  "RSpec": {
    "coverage": {
      "/home/jamespotz/MDProjects/frishtug/app/helpers/admin/dashboard_helper.rb": [
        1,
        null
      ],
      "/home/jamespotz/MDProjects/frishtug/app/helpers/admin/menu_categories_helper.rb": [
        1,
        null
      ],
      "/home/jamespotz/MDProjects/frishtug/app/helpers/admin/menus_helper.rb": [
        1,
        null
      ],
      "/home/jamespotz/MDProjects/frishtug/app/helpers/admin/units_helper.rb": [
        1,
        null
      ],
      "/home/jamespotz/MDProjects/frishtug/app/helpers/application_helper.rb": [
        1,
        1,
        0,
        null,
        null,
        1,
        0,
        null,
        null,
        1,
        0,
        0,
        0,
        null,
        null,
        null,
        1,
        0,
        0,
        null,
        null,
        1,
        0,
        null,
        null,
        null,
        null,
        0,
        null,
        null
      ],
      "/home/jamespotz/MDProjects/frishtug/app/jobs/application_job.rb": [
        0,
        0
      ],
      "/home/jamespotz/MDProjects/frishtug/app/channels/application_cable/channel.rb": [
        0,
        0,
        0,
        0
      ],
      "/home/jamespotz/MDProjects/frishtug/app/channels/application_cable/connection.rb": [
        0,
        0,
        0,
        0
      ],
      "/home/jamespotz/MDProjects/frishtug/app/controllers/admin/menus_controller.rb": [
        0,
        0,
        0,
        0,
        null,
        null,
        null,
        0,
        0,
        0,
        0,
        0,
        null,
        null,
        null,
        0,
        null,
        null,
        0,
        0,
        0,
        null,
        null,
        0,
        null,
        null,
        null,
        0,
        0,
        0,
        0,
        0,
        0,
        0,
        0,
        0,
        null,
        null,
        null,
        0,
        0,
        0,
        0,
        0,
        0,
        0,
        0,
        0,
        0,
        0,
        null,
        null,
        null,
        0,
        0,
        0,
        0,
        0,
        0,
        0,
        null,
        0,
        null,
        null,
        0,
        0,
        0,
        null,
        null,
        0,
        0,
        0,
        0
      ],
      "/home/jamespotz/MDProjects/frishtug/app/controllers/admin/menu_categories_controller.rb": [
        0,
        0,
        0,
        null,
        null,
        0,
        0,
        0,
        null,
        null,
        null,
        0,
        null,
        null,
        0,
        0,
        0,
        null,
        null,
        0,
        null,
        null,
        null,
        0,
        0,
        0,
        0,
        0,
        0,
        0,
        0,
        0,
        null,
        null,
        null,
        0,
        0,
        0,
        0,
        0,
        0,
        0,
        0,
        0,
        0,
        0,
        null,
        null,
        null,
        0,
        0,
        0,
        0,
        0,
        0,
        0,
        null,
        0,
        null,
        null,
        0,
        0,
        0,
        null,
        null,
        0,
        0,
        0,
        0
      ],
      "/home/jamespotz/MDProjects/frishtug/app/controllers/admin/base_controller.rb": [
        0,
        0,
        0
      ],
      "/home/jamespotz/MDProjects/frishtug/app/controllers/admin/dashboard_controller.rb": [
        0,
        0,
        0
      ],
      "/home/jamespotz/MDProjects/frishtug/app/controllers/admin/units_controller.rb": [
        0,
        0,
        null,
        null,
        null,
        0,
        0,
        0,
        null,
        null,
        null,
        0,
        null,
        null,
        0,
        0,
        0,
        null,
        null,
        0,
        null,
        null,
        null,
        0,
        0,
        null,
        0,
        0,
        0,
        0,
        0,
        0,
        0,
        0,
        0,
        0,
        null,
        null,
        null,
        0,
        0,
        0,
        0,
        0,
        0,
        0,
        0,
        0,
        0,
        0,
        null,
        null,
        null,
        0,
        0,
        0,
        0,
        0,
        0,
        0,
        null,
        0,
        null,
        null,
        0,
        0,
        0,
        null,
        null,
        0,
        0,
        0,
        0
      ],
      "/home/jamespotz/MDProjects/frishtug/app/controllers/application_controller.rb": [
        0,
        0,
        null,
        0,
        null,
        0,
        0,
        0,
        0,
        0
      ],
      "/home/jamespotz/MDProjects/frishtug/app/mailers/application_mailer.rb": [
        0,
        0,
        0,
        0
      ],
      "/home/jamespotz/MDProjects/frishtug/app/uploaders/image_uploader.rb": [
        0,
        null,
        null,
        0,
        null,
        null,
        0,
        null,
        null,
        null,
        null,
        0,
        0,
        0,
        null,
        null,
        null,
        null,
        null,
        null,
        null,
        null,
        null,
        null,
        null,
        null,
        null,
        null,
        null,
        null,
        null,
        0,
        0,
        0,
        null,
        0,
        0,
        0,
        null,
        0,
        0,
        0,
        null,
        null,
        null,
        0,
        0,
        0,
        null,
        null,
        null,
        null,
        null,
        null,
        0
      ],
      "/home/jamespotz/MDProjects/frishtug/app/models/menu_category.rb": [
        null,
        null,
        null,
        null,
        null,
        null,
        null,
        null,
        null,
        null,
        null,
        null,
        0,
        0,
        0,
        0,
        0,
        null,
        0,
        0
      ],
      "/home/jamespotz/MDProjects/frishtug/app/models/inventory.rb": [
        null,
        null,
        null,
        null,
        null,
        null,
        null,
        null,
        null,
        null,
        null,
        null,
        0,
        0,
        0,
        0,
        0
      ],
      "/home/jamespotz/MDProjects/frishtug/app/models/order.rb": [
        null,
        null,
        null,
        null,
        null,
        null,
        null,
        null,
        null,
        null,
        null,
        null,
        null,
        null,
        null,
        null,
        null,
        0,
        0,
        0,
        0,
        0
      ],
      "/home/jamespotz/MDProjects/frishtug/app/models/add_on.rb": [
        null,
        null,
        null,
        null,
        null,
        null,
        null,
        null,
        null,
        null,
        null,
        null,
        null,
        0,
        0,
        0,
        0
      ],
      "/home/jamespotz/MDProjects/frishtug/app/models/menu_add_on.rb": [
        null,
        null,
        null,
        null,
        null,
        null,
        null,
        null,
        null,
        null,
        null,
        null,
        null,
        null,
        0,
        0,
        0,
        0,
        0
      ],
      "/home/jamespotz/MDProjects/frishtug/app/models/menu.rb": [
        null,
        null,
        null,
        null,
        null,
        null,
        null,
        null,
        null,
        null,
        null,
        null,
        null,
        null,
        null,
        null,
        null,
        0,
        0,
        0,
        0,
        0,
        0,
        0,
        0,
        0,
        null,
        0,
        0,
        null,
        0,
        0,
        0,
        0
      ],
      "/home/jamespotz/MDProjects/frishtug/app/models/application_record.rb": [
        0,
        0,
        0
      ],
      "/home/jamespotz/MDProjects/frishtug/app/models/admin.rb": [
        null,
        null,
        null,
        null,
        null,
        null,
        null,
        null,
        null,
        null,
        null,
        null,
        null,
        null,
        null,
        null,
        null,
        null,
        null,
        0,
        0,
        0,
        0,
        0
      ],
      "/home/jamespotz/MDProjects/frishtug/app/models/diet_category.rb": [
        null,
        null,
        null,
        null,
        null,
        null,
        null,
        null,
        null,
        null,
        null,
        null,
        0,
        0,
        0,
        0,
        0
      ],
      "/home/jamespotz/MDProjects/frishtug/app/models/plan.rb": [
        null,
        null,
        null,
        null,
        null,
        null,
        null,
        null,
        null,
        null,
        null,
        null,
        null,
        null,
        null,
        null,
        0,
        0,
        0,
        0,
        0
      ],
      "/home/jamespotz/MDProjects/frishtug/app/models/unit.rb": [
        null,
        null,
        null,
        null,
        null,
        null,
        null,
        null,
        null,
        null,
        null,
        null,
        0,
        0,
        0,
        0,
        0
      ],
      "/home/jamespotz/MDProjects/frishtug/app/models/address.rb": [
        null,
        null,
        null,
        null,
        null,
        null,
        null,
        null,
        null,
        null,
        null,
        null,
        null,
        null,
        null,
        null,
        null,
        null,
        null,
        0,
        0,
        0,
        0
      ],
      "/home/jamespotz/MDProjects/frishtug/app/models/inventory_transaction.rb": [
        null,
        null,
        null,
        null,
        null,
        null,
        null,
        null,
        null,
        null,
        null,
        null,
        0,
        0,
        0,
        0
      ],
      "/home/jamespotz/MDProjects/frishtug/app/models/user.rb": [
        null,
        null,
        null,
        null,
        null,
        null,
        null,
        null,
        null,
        null,
        null,
        null,
        null,
        null,
        null,
        null,
        null,
        null,
        null,
        null,
        null,
        null,
        0,
        null,
        null,
        0,
        0,
        null,
        0,
        0,
        0,
        0
      ]
    },
    "timestamp": 1508128448
  }
}
